\BOOKMARK [0][-]{chapter*.2}{Lista de figuras}{}% 1
\BOOKMARK [0][-]{chapter.1}{ Introducci\363n}{}% 2
\BOOKMARK [1][-]{section.1.1}{Antecedentes}{chapter.1}% 3
\BOOKMARK [1][-]{section.1.2}{Planteamiento del problema de investigaci\363n}{chapter.1}% 4
\BOOKMARK [1][-]{section.1.3}{Justificaci\363n del problema de investigaci\363n}{chapter.1}% 5
\BOOKMARK [1][-]{section.1.4}{Preguntas de Investigaci\363n}{chapter.1}% 6
\BOOKMARK [1][-]{section.1.5}{Objetivo General}{chapter.1}% 7
\BOOKMARK [1][-]{section.1.6}{Objetivos Espec\355ficos}{chapter.1}% 8
\BOOKMARK [1][-]{section.1.7}{Hip\363tesis}{chapter.1}% 9
\BOOKMARK [1][-]{section.1.8}{Estructura de la tesis}{chapter.1}% 10
\BOOKMARK [0][-]{chapter.2}{ Marco Te\363rico}{}% 11
\BOOKMARK [1][-]{section.2.1}{La tierra como sistema}{chapter.2}% 12
\BOOKMARK [1][-]{section.2.2}{Las rocas y su ciclo}{chapter.2}% 13
\BOOKMARK [1][-]{section.2.3}{Rocas sedimentarias}{chapter.2}% 14
\BOOKMARK [1][-]{section.2.4}{Morfolog\355a de rocas sedimentarias}{chapter.2}% 15
\BOOKMARK [1][-]{section.2.5}{Forma, redondez y rugosidad}{chapter.2}% 16
\BOOKMARK [1][-]{section.2.6}{M\351todos para obtener la forma}{chapter.2}% 17
\BOOKMARK [1][-]{section.2.7}{M\351todos para obtener la redondez}{chapter.2}% 18
\BOOKMARK [1][-]{section.2.8}{Modelo o esquema general de investigaci\363n}{chapter.2}% 19
\BOOKMARK [0][-]{chapter.3}{ Modelo y propuesta de Investigaci\363n}{}% 20
\BOOKMARK [1][-]{section.3.1}{Modelo de Investigaci\363n}{chapter.3}% 21
\BOOKMARK [1][-]{section.3.2}{Fourier el\355ptico}{chapter.3}% 22
\BOOKMARK [1][-]{section.3.3}{Algoritmo para estimar la redondez}{chapter.3}% 23
\BOOKMARK [1][-]{section.3.4}{Redes neuronales}{chapter.3}% 24
