This is pdfTeX, Version 3.14159265-2.6-1.40.21 (MiKTeX 2.9.7440 64-bit) (preloaded format=pdflatex 2020.6.9)  18 JUN 2020 13:28
entering extended mode
**./tesis_ErikMejia.tex
(tesis_ErikMejia.tex
LaTeX2e <2020-02-02> patch level 5
L3 programming layer <2020-05-15> (uaztesis.cls
("C:\Users\HeavyRain350\AppData\Local\Programs\MiKTeX 2.9\tex/latex/base\inpute
nc.sty"
Package: inputenc 2018/08/11 v1.3c Input encoding file
\inpenc@prehook=\toks15
\inpenc@posthook=\toks16

("C:\Users\HeavyRain350\AppData\Local\Programs\MiKTeX 2.9\tex/latex/base\latin1
.def"
File: latin1.def 2018/08/11 v1.3c Input encoding file
))
("C:\Users\HeavyRain350\AppData\Local\Programs\MiKTeX 2.9\tex/latex/amsfonts\am
ssymb.sty"
Package: amssymb 2013/01/14 v3.01 AMS font symbols

("C:\Users\HeavyRain350\AppData\Local\Programs\MiKTeX 2.9\tex/latex/amsfonts\am
sfonts.sty"
Package: amsfonts 2013/01/14 v3.01 Basic AMSFonts support
\@emptytoks=\toks17
\symAMSa=\mathgroup4
\symAMSb=\mathgroup5
LaTeX Font Info:    Redeclaring math symbol \hbar on input line 98.
LaTeX Font Info:    Overwriting math alphabet `\mathfrak' in version `bold'
(Font)                  U/euf/m/n --> U/euf/b/n on input line 106.
))
("C:\Users\HeavyRain350\AppData\Local\Programs\MiKTeX 2.9\tex/latex/amsmath\ams
math.sty"
Package: amsmath 2020/01/20 v2.17e AMS math features
\@mathmargin=\skip47

For additional information on amsmath, use the `?' option.

("C:\Users\HeavyRain350\AppData\Local\Programs\MiKTeX 2.9\tex/latex/amsmath\ams
text.sty"
Package: amstext 2000/06/29 v2.01 AMS text

("C:\Users\HeavyRain350\AppData\Local\Programs\MiKTeX 2.9\tex/latex/amsmath\ams
gen.sty"
File: amsgen.sty 1999/11/30 v2.0 generic functions
\@emptytoks=\toks18
\ex@=\dimen134
))
("C:\Users\HeavyRain350\AppData\Local\Programs\MiKTeX 2.9\tex/latex/amsmath\ams
bsy.sty"
Package: amsbsy 1999/11/29 v1.2d Bold Symbols
\pmbraise@=\dimen135
)
("C:\Users\HeavyRain350\AppData\Local\Programs\MiKTeX 2.9\tex/latex/amsmath\ams
opn.sty"
Package: amsopn 2016/03/08 v2.02 operator names
)
\inf@bad=\count167
LaTeX Info: Redefining \frac on input line 227.
\uproot@=\count168
\leftroot@=\count169
LaTeX Info: Redefining \overline on input line 389.
\classnum@=\count170
\DOTSCASE@=\count171
LaTeX Info: Redefining \ldots on input line 486.
LaTeX Info: Redefining \dots on input line 489.
LaTeX Info: Redefining \cdots on input line 610.
\Mathstrutbox@=\box45
\strutbox@=\box46
\big@size=\dimen136
LaTeX Font Info:    Redeclaring font encoding OML on input line 733.
LaTeX Font Info:    Redeclaring font encoding OMS on input line 734.
\macc@depth=\count172
\c@MaxMatrixCols=\count173
\dotsspace@=\muskip16
\c@parentequation=\count174
\dspbrk@lvl=\count175
\tag@help=\toks19
\row@=\count176
\column@=\count177
\maxfields@=\count178
\andhelp@=\toks20
\eqnshift@=\dimen137
\alignsep@=\dimen138
\tagshift@=\dimen139
\tagwidth@=\dimen140
\totwidth@=\dimen141
\lineht@=\dimen142
\@envbody=\toks21
\multlinegap=\skip48
\multlinetaggap=\skip49
\mathdisplay@stack=\toks22
LaTeX Info: Redefining \[ on input line 2859.
LaTeX Info: Redefining \] on input line 2860.
)
("C:\Users\HeavyRain350\AppData\Local\Programs\MiKTeX 2.9\tex/latex/graphics\co
lor.sty"
Package: color 2019/11/23 v1.2a Standard LaTeX Color (DPC)

("C:\Users\HeavyRain350\AppData\Local\Programs\MiKTeX 2.9\tex/latex/graphics-cf
g\color.cfg"
File: color.cfg 2016/01/02 v1.6 sample color configuration
)
Package color Info: Driver file: pdftex.def on input line 147.

("C:\Users\HeavyRain350\AppData\Local\Programs\MiKTeX 2.9\tex/latex/graphics-de
f\pdftex.def"
File: pdftex.def 2018/01/08 v1.0l Graphics/color driver for pdftex
))
("C:\Users\HeavyRain350\AppData\Local\Programs\MiKTeX 2.9\tex/latex/graphics\gr
aphicx.sty"
Package: graphicx 2019/11/30 v1.2a Enhanced LaTeX Graphics (DPC,SPQR)

("C:\Users\HeavyRain350\AppData\Local\Programs\MiKTeX 2.9\tex/latex/graphics\ke
yval.sty"
Package: keyval 2014/10/28 v1.15 key=value parser (DPC)
\KV@toks@=\toks23
)
("C:\Users\HeavyRain350\AppData\Local\Programs\MiKTeX 2.9\tex/latex/graphics\gr
aphics.sty"
Package: graphics 2019/11/30 v1.4a Standard LaTeX Graphics (DPC,SPQR)

("C:\Users\HeavyRain350\AppData\Local\Programs\MiKTeX 2.9\tex/latex/graphics\tr
ig.sty"
Package: trig 2016/01/03 v1.10 sin cos tan (DPC)
)
("C:\Users\HeavyRain350\AppData\Local\Programs\MiKTeX 2.9\tex/latex/graphics-cf
g\graphics.cfg"
File: graphics.cfg 2016/06/04 v1.11 sample graphics configuration
)
Package graphics Info: Driver file: pdftex.def on input line 105.
)
\Gin@req@height=\dimen143
\Gin@req@width=\dimen144
)
("C:\Users\HeavyRain350\AppData\Local\Programs\MiKTeX 2.9\tex/latex/curves\curv
es.sty"
Package: curves 2017/08/25 1.55 Curves for LaTeX picture environment
\;sc=\count179
\;scp=\count180
\;t=\count181
\;cc=\count182
\;cnd=\count183
\;mcnd=\count184
\;np=\count185
\;overhang=\count186
\;pbs=\count187
\;pns=\count188
\;psc=\count189
\;rc=\count190
\;rtc=\count191
\;tc=\count192
\csdiameter=\skip50
\curvelength=\skip51
\overhang=\skip52
\;x=\skip53
\;dx=\skip54
\;ddx=\skip55
\;y=\skip56
\;dy=\skip57
\;ddy=\skip58
\;pl=\skip59
\;ucd=\skip60
\;csbox=\box47
\;pt=\box48
\;strline=\toks24
\m;ssingcoord=\toks25
\;negdash=\toks26
\;oddcoord=\toks27
\;wc=\count193
\;X=\skip61
\;Y=\skip62
)
("C:\Users\HeavyRain350\AppData\Local\Programs\MiKTeX 2.9\tex/latex/graphics\ep
sfig.sty"
Package: epsfig 2017/06/25 v1.7b (e)psfig emulation (SPQR)
\epsfxsize=\dimen145
\epsfysize=\dimen146
)
("C:\Users\HeavyRain350\AppData\Local\Programs\MiKTeX 2.9\tex/latex/psnfss\time
s.sty"
Package: times 2020/03/25 PSNFSS-v9.3 (SPQR) 
)
Usando m\'argenes y defaults de Tesis de maestr\IeC {\'\i }a
(withe12.sty
Style Option `mythe12' v1.0 <24 May 00>
\majorheadskip=\skip63
\@appendlen=\skip64
\@appendnumlen=\skip65
)
\descriptionmargin=\dimen147
\c@part=\count194
\c@chapter=\count195
\c@section=\count196
\c@subsection=\count197
\c@subsubsection=\count198
\c@paragraph=\count199
\c@subparagraph=\count266
\c@tocpage=\count267
\c@lofpage=\count268
\c@lotpage=\count269
\c@listofheading=\count270
\c@figure=\count271
\c@table=\count272
\c@@ipfilectr=\count273
\c@@includefilectr=\count274
\c@currenthour=\count275
\c@currentminute=\count276
\@testday=\count277
\c@theorem=\count278
)
("C:\Users\HeavyRain350\AppData\Local\Programs\MiKTeX 2.9\tex/latex/tocbibind\t
ocbibind.sty"
Package: tocbibind 2010/10/13 v1.5k extra ToC listings
Package tocbibind Info: The document has chapter divisions on input line 50.


Package tocbibind Note: Using chapter style headings, unless overridden.

)
Runaway argument?
{\newcommand {\bibsection }{\t@cb@bchapsec } \renewenvironment {thebi\ETC.
! File ended while scanning use of \@secondoftwo.
<inserted text> 
                \par 
l.7 \usepackage
               {amssymb,amsmath,amsfonts}
I suspect you have forgotten a `}', causing me
to read past where you wanted me to stop.
I'll try to recover; but if the error is serious,
you'd better type `E' or `X' now and fix your file.


("C:\Users\HeavyRain350\AppData\Local\Programs\MiKTeX 2.9\tex/latex/subfigure\s
ubfigure.sty"
Package: subfigure 2002/07/30 v2.1.4 subfigure package
\subfigtopskip=\skip66
\subfigcapskip=\skip67
\subfigcaptopadj=\dimen148
\subfigbottomskip=\skip68
\subfigcapmargin=\dimen149
\subfiglabelskip=\skip69
\c@subfigure=\count279
\c@lofdepth=\count280
\c@subtable=\count281
\c@lotdepth=\count282

****************************************
* Local config file subfigure.cfg used *
****************************************

("C:\Users\HeavyRain350\AppData\Local\Programs\MiKTeX 2.9\tex/latex/subfigure\s
ubfigure.cfg")
\subfig@top=\skip70
\subfig@bottom=\skip71
)
("C:\Users\HeavyRain350\AppData\Local\Programs\MiKTeX 2.9\tex/latex/multirow\mu
ltirow.sty"
Package: multirow 2019/05/31 v2.5 Span multiple rows of a table
\multirow@colwidth=\skip72
\multirow@cntb=\count283
\multirow@dima=\skip73
\bigstrutjot=\dimen150
)
("C:\Users\HeavyRain350\AppData\Local\Programs\MiKTeX 2.9\tex/latex/graphics\ro
tating.sty"
Package: rotating 2016/08/11 v2.16d rotated objects in LaTeX

("C:\Users\HeavyRain350\AppData\Local\Programs\MiKTeX 2.9\tex/latex/base\ifthen
.sty"
Package: ifthen 2014/09/29 v1.1c Standard LaTeX ifthen package (DPC)
)
\c@r@tfl@t=\count284
\rotFPtop=\skip74
\rotFPbot=\skip75
\rot@float@box=\box49
\rot@mess@toks=\toks28
)
("C:\Users\HeavyRain350\AppData\Local\Programs\MiKTeX 2.9\tex/latex/base\fonten
c.sty"
Package: fontenc 2020/02/11 v2.0o Standard LaTeX package
LaTeX Font Info:    Trying to load font information for T1+ptm on input line 11
2.

("C:\Users\HeavyRain350\AppData\Local\Programs\MiKTeX 2.9\tex/latex/psnfss\t1pt
m.fd"
File: t1ptm.fd 2001/06/04 font definitions for T1/ptm.
))
("C:\Users\HeavyRain350\AppData\Local\Programs\MiKTeX 2.9\tex/latex/hyperref\hy
perref.sty"
Package: hyperref 2020-05-15 v7.00e Hypertext links for LaTeX

("C:\Users\HeavyRain350\AppData\Local\Programs\MiKTeX 2.9\tex/generic/ltxcmds\l
txcmds.sty"
Package: ltxcmds 2019/12/15 v1.24 LaTeX kernel commands for general use (HO)
)
("C:\Users\HeavyRain350\AppData\Local\Programs\MiKTeX 2.9\tex/generic/iftex\ift
ex.sty"
Package: iftex 2020/03/06 v1.0d TeX engine tests
)
("C:\Users\HeavyRain350\AppData\Local\Programs\MiKTeX 2.9\tex/latex/pdftexcmds\
pdftexcmds.sty"
Package: pdftexcmds 2019/11/24 v0.31 Utility functions of pdfTeX for LuaTeX (HO
)

("C:\Users\HeavyRain350\AppData\Local\Programs\MiKTeX 2.9\tex/generic/infwarerr
\infwarerr.sty"
Package: infwarerr 2019/12/03 v1.5 Providing info/warning/error messages (HO)
)
Package pdftexcmds Info: \pdf@primitive is available.
Package pdftexcmds Info: \pdf@ifprimitive is available.
Package pdftexcmds Info: \pdfdraftmode found.
)
("C:\Users\HeavyRain350\AppData\Local\Programs\MiKTeX 2.9\tex/generic/kvsetkeys
\kvsetkeys.sty"
Package: kvsetkeys 2019/12/15 v1.18 Key value parser (HO)
)
("C:\Users\HeavyRain350\AppData\Local\Programs\MiKTeX 2.9\tex/generic/kvdefinek
eys\kvdefinekeys.sty"
Package: kvdefinekeys 2019-12-19 v1.6 Define keys (HO)
)
("C:\Users\HeavyRain350\AppData\Local\Programs\MiKTeX 2.9\tex/generic/pdfescape
\pdfescape.sty"
Package: pdfescape 2019/12/09 v1.15 Implements pdfTeX's escape features (HO)
)
("C:\Users\HeavyRain350\AppData\Local\Programs\MiKTeX 2.9\tex/latex/hycolor\hyc
olor.sty"
Package: hycolor 2020-01-27 v1.10 Color options for hyperref/bookmark (HO)
)
("C:\Users\HeavyRain350\AppData\Local\Programs\MiKTeX 2.9\tex/latex/letltxmacro
\letltxmacro.sty"
Package: letltxmacro 2019/12/03 v1.6 Let assignment for LaTeX macros (HO)
)
("C:\Users\HeavyRain350\AppData\Local\Programs\MiKTeX 2.9\tex/latex/auxhook\aux
hook.sty"
Package: auxhook 2019-12-17 v1.6 Hooks for auxiliary files (HO)
)
("C:\Users\HeavyRain350\AppData\Local\Programs\MiKTeX 2.9\tex/latex/kvoptions\k
voptions.sty"
Package: kvoptions 2019/11/29 v3.13 Key value format for package options (HO)
)
\@linkdim=\dimen151
\Hy@linkcounter=\count285
\Hy@pagecounter=\count286

("C:\Users\HeavyRain350\AppData\Local\Programs\MiKTeX 2.9\tex/latex/hyperref\pd
1enc.def"
File: pd1enc.def 2020-05-15 v7.00e Hyperref: PDFDocEncoding definition (HO)
Now handling font encoding PD1 ...
... no UTF-8 mapping file for font encoding PD1
)
("C:\Users\HeavyRain350\AppData\Local\Programs\MiKTeX 2.9\tex/generic/intcalc\i
ntcalc.sty"
Package: intcalc 2019/12/15 v1.3 Expandable calculations with integers (HO)
)
("C:\Users\HeavyRain350\AppData\Local\Programs\MiKTeX 2.9\tex/generic/etexcmds\
etexcmds.sty"
Package: etexcmds 2019/12/15 v1.7 Avoid name clashes with e-TeX commands (HO)
)
\Hy@SavedSpaceFactor=\count287
Package hyperref Info: Hyper figures OFF on input line 4464.
Package hyperref Info: Link nesting OFF on input line 4469.
Package hyperref Info: Hyper index ON on input line 4472.
Package hyperref Info: Plain pages OFF on input line 4479.
Package hyperref Info: Backreferencing OFF on input line 4484.
Package hyperref Info: Implicit mode ON; LaTeX internals redefined.
Package hyperref Info: Bookmarks ON on input line 4717.
\c@Hy@tempcnt=\count288

("C:\Users\HeavyRain350\AppData\Local\Programs\MiKTeX 2.9\tex/latex/url\url.sty
"
\Urlmuskip=\muskip17
Package: url 2013/09/16  ver 3.4  Verb mode for urls, etc.
)
LaTeX Info: Redefining \url on input line 5076.
\XeTeXLinkMargin=\dimen152

("C:\Users\HeavyRain350\AppData\Local\Programs\MiKTeX 2.9\tex/generic/bitset\bi
tset.sty"
Package: bitset 2019/12/09 v1.3 Handle bit-vector datatype (HO)

("C:\Users\HeavyRain350\AppData\Local\Programs\MiKTeX 2.9\tex/generic/bigintcal
c\bigintcalc.sty"
Package: bigintcalc 2019/12/15 v1.5 Expandable calculations on big integers (HO
)
))
\Fld@menulength=\count289
\Field@Width=\dimen153
\Fld@charsize=\dimen154
Package hyperref Info: Hyper figures OFF on input line 6347.
Package hyperref Info: Link nesting OFF on input line 6352.
Package hyperref Info: Hyper index ON on input line 6355.
Package hyperref Info: backreferencing OFF on input line 6362.
Package hyperref Info: Link coloring OFF on input line 6367.
Package hyperref Info: Link coloring with OCG OFF on input line 6372.
Package hyperref Info: PDF/A mode OFF on input line 6377.
LaTeX Info: Redefining \ref on input line 6417.
LaTeX Info: Redefining \pageref on input line 6421.

("C:\Users\HeavyRain350\AppData\Local\Programs\MiKTeX 2.9\tex/generic/atbegshi\
atbegshi.sty"
Package: atbegshi 2019/12/05 v1.19 At begin shipout hook (HO)
)
\Hy@abspage=\count290
\c@Item=\count291
\c@Hfootnote=\count292
)
Package hyperref Info: Driver (autodetected): hpdftex.

("C:\Users\HeavyRain350\AppData\Local\Programs\MiKTeX 2.9\tex/latex/hyperref\hp
dftex.def"
File: hpdftex.def 2020-05-15 v7.00e Hyperref driver for pdfTeX

("C:\Users\HeavyRain350\AppData\Local\Programs\MiKTeX 2.9\tex/latex/atveryend\a
tveryend.sty"
Package: atveryend 2019-12-11 v1.11 Hooks at the very end of document (HO)
Package atveryend Info: \enddocument detected (standard20110627).
)
\Fld@listcount=\count293
\c@bookmark@seq@number=\count294

("C:\Users\HeavyRain350\AppData\Local\Programs\MiKTeX 2.9\tex/latex/rerunfilech
eck\rerunfilecheck.sty"
Package: rerunfilecheck 2019/12/05 v1.9 Rerun checks for auxiliary files (HO)

("C:\Users\HeavyRain350\AppData\Local\Programs\MiKTeX 2.9\tex/generic/uniquecou
nter\uniquecounter.sty"
Package: uniquecounter 2019/12/15 v1.4 Provide unlimited unique counter (HO)
)
Package uniquecounter Info: New unique counter `rerunfilecheck' on input line 2
86.
)
\Hy@SectionHShift=\skip76
)
("C:\Users\HeavyRain350\AppData\Local\Programs\MiKTeX 2.9\tex/latex/float\float
.sty"
Package: float 2001/11/08 v1.3d Float enhancements (AL)
\c@float@type=\count295
\float@exts=\toks29
\float@box=\box50
\@float@everytoks=\toks30
\@floatcapt=\box51
)
("C:\Users\HeavyRain350\AppData\Local\Programs\MiKTeX 2.9\tex/latex/biblatex\bi
blatex.sty"
Package: biblatex 2019/12/01 v3.14 programmable bibliographies (PK/MW)

("C:\Users\HeavyRain350\AppData\Local\Programs\MiKTeX 2.9\tex/latex/etoolbox\et
oolbox.sty"
Package: etoolbox 2019/09/21 v2.5h e-TeX tools for LaTeX (JAW)
\etb@tempcnta=\count296
)
("C:\Users\HeavyRain350\AppData\Local\Programs\MiKTeX 2.9\tex/latex/logreq\logr
eq.sty"
Package: logreq 2010/08/04 v1.0 xml request logger
\lrq@indent=\count297

("C:\Users\HeavyRain350\AppData\Local\Programs\MiKTeX 2.9\tex/latex/logreq\logr
eq.def"
File: logreq.def 2010/08/04 v1.0 logreq spec v1.0
))
\c@tabx@nest=\count298
\c@listtotal=\count299
\c@listcount=\count300
\c@liststart=\count301
\c@liststop=\count302
\c@citecount=\count303
\c@citetotal=\count304
\c@multicitecount=\count305
\c@multicitetotal=\count306
\c@instcount=\count307
\c@maxnames=\count308
\c@minnames=\count309
\c@maxitems=\count310
\c@minitems=\count311
\c@citecounter=\count312
\c@maxcitecounter=\count313
\c@savedcitecounter=\count314
\c@uniquelist=\count315
\c@uniquename=\count316
\c@refsection=\count317
\c@refsegment=\count318
\c@maxextratitle=\count319
\c@maxextratitleyear=\count320
\c@maxextraname=\count321
\c@maxextradate=\count322
\c@maxextraalpha=\count323
\c@abbrvpenalty=\count324
\c@highnamepenalty=\count325
\c@lownamepenalty=\count326
\c@maxparens=\count327
\c@parenlevel=\count328
\blx@tempcnta=\count329
\blx@tempcntb=\count330
\blx@tempcntc=\count331
\blx@maxsection=\count332
\blx@maxsegment@0=\count333
\blx@notetype=\count334
\blx@parenlevel@text=\count335
\blx@parenlevel@foot=\count336
\blx@sectionciteorder@0=\count337
\blx@entrysetcounter=\count338
\labelnumberwidth=\skip77
\labelalphawidth=\skip78
\biblabelsep=\skip79
\bibitemsep=\skip80
\bibnamesep=\skip81
\bibinitsep=\skip82
\bibparsep=\skip83
\bibhang=\skip84
\blx@bcfin=\read2
\blx@bcfout=\write3
\blx@langwohyphens=\language78
\c@mincomprange=\count339
\c@maxcomprange=\count340
\c@mincompwidth=\count341
Package biblatex Info: Trying to load biblatex default data model...
Package biblatex Info: ... file 'blx-dm.def' found.

("C:\Users\HeavyRain350\AppData\Local\Programs\MiKTeX 2.9\tex/latex/biblatex\bl
x-dm.def"
File: blx-dm.def 2019/12/01 v3.14 biblatex localization (PK/MW)
)
Package biblatex Info: Trying to load biblatex style data model...
Package biblatex Info: ... file 'ieee.dbx' not found.
Package biblatex Info: Trying to load biblatex custom data model...
Package biblatex Info: ... file 'biblatex-dm.cfg' not found.
\c@afterword=\count342
\c@savedafterword=\count343
\c@annotator=\count344
\c@savedannotator=\count345
\c@author=\count346
\c@savedauthor=\count347
\c@bookauthor=\count348
\c@savedbookauthor=\count349
\c@commentator=\count350
\c@savedcommentator=\count351
\c@editor=\count352
\c@savededitor=\count353
\c@editora=\count354
\c@savededitora=\count355
\c@editorb=\count356
\c@savededitorb=\count357
\c@editorc=\count358
\c@savededitorc=\count359
\c@foreword=\count360
\c@savedforeword=\count361
\c@holder=\count362
\c@savedholder=\count363
\c@introduction=\count364
\c@savedintroduction=\count365
\c@namea=\count366
\c@savednamea=\count367
\c@nameb=\count368
\c@savednameb=\count369
\c@namec=\count370
\c@savednamec=\count371
\c@translator=\count372
\c@savedtranslator=\count373
\c@shortauthor=\count374
\c@savedshortauthor=\count375
\c@shorteditor=\count376
\c@savedshorteditor=\count377
\c@labelname=\count378
\c@savedlabelname=\count379
\c@institution=\count380
\c@savedinstitution=\count381
\c@lista=\count382
\c@savedlista=\count383
\c@listb=\count384
\c@savedlistb=\count385
\c@listc=\count386
\c@savedlistc=\count387
\c@listd=\count388
\c@savedlistd=\count389
\c@liste=\count390
\c@savedliste=\count391
\c@listf=\count392
\c@savedlistf=\count393
\c@location=\count394
\c@savedlocation=\count395
\c@organization=\count396
\c@savedorganization=\count397
\c@origlocation=\count398
\c@savedoriglocation=\count399
\c@origpublisher=\count400
\c@savedorigpublisher=\count401
\c@publisher=\count402
\c@savedpublisher=\count403
\c@language=\count404
\c@savedlanguage=\count405
\c@origlanguage=\count406
\c@savedoriglanguage=\count407
\c@pageref=\count408
\c@savedpageref=\count409
\shorthandwidth=\skip85
\shortjournalwidth=\skip86
\shortserieswidth=\skip87
\shorttitlewidth=\skip88
\shortauthorwidth=\skip89
\shorteditorwidth=\skip90
\locallabelnumberwidth=\skip91
\locallabelalphawidth=\skip92
\localshorthandwidth=\skip93
\localshortjournalwidth=\skip94
\localshortserieswidth=\skip95
\localshorttitlewidth=\skip96
\localshortauthorwidth=\skip97
\localshorteditorwidth=\skip98
Package biblatex Info: Trying to load compatibility code...
Package biblatex Info: ... file 'blx-compat.def' found.

("C:\Users\HeavyRain350\AppData\Local\Programs\MiKTeX 2.9\tex/latex/biblatex\bl
x-compat.def"
File: blx-compat.def 2019/12/01 v3.14 biblatex compatibility (PK/MW)
)
Package biblatex Info: Trying to load BibTeX backend compatibility...
Package biblatex Info: ... file 'blx-bibtex.def' found.

("C:\Users\HeavyRain350\AppData\Local\Programs\MiKTeX 2.9\tex/latex/biblatex\bl
x-bibtex.def"
File: blx-bibtex.def 2019/12/01 v3.14 biblatex compatibility (PK/MW)


Package biblatex Warning: Using fall-back BibTeX(8) backend:
(biblatex)                functionality may be reduced/unavailable.

)
Package biblatex Info: Trying to load generic definitions...
Package biblatex Info: ... file 'biblatex.def' found.

("C:\Users\HeavyRain350\AppData\Local\Programs\MiKTeX 2.9\tex/latex/biblatex\bi
blatex.def"
File: biblatex.def 2019/12/01 v3.14 biblatex compatibility (PK/MW)
\c@textcitecount=\count410
\c@textcitetotal=\count411
\c@textcitemaxnames=\count412
\c@biburlbigbreakpenalty=\count413
\c@biburlbreakpenalty=\count414
\c@biburlnumpenalty=\count415
\c@biburlucpenalty=\count416
\c@biburllcpenalty=\count417
\biburlbigskip=\muskip18
\biburlnumskip=\muskip19
\biburlucskip=\muskip20
\biburllcskip=\muskip21
\c@smartand=\count418
)
Package biblatex Info: Trying to load bibliography style 'ieee'...
Package biblatex Info: ... file 'ieee.bbx' found.

("C:\Users\HeavyRain350\AppData\Local\Programs\MiKTeX 2.9\tex/latex/biblatex-ie
ee\ieee.bbx"
File: ieee.bbx 2020/02/26 v1.3b biblatex bibliography style
Package biblatex Info: Trying to load bibliography style 'numeric-comp'...
Package biblatex Info: ... file 'numeric-comp.bbx' found.

("C:\Users\HeavyRain350\AppData\Local\Programs\MiKTeX 2.9\tex/latex/biblatex/bb
x\numeric-comp.bbx"
File: numeric-comp.bbx 2019/12/01 v3.14 biblatex bibliography style (PK/MW)
Package biblatex Info: Trying to load bibliography style 'numeric'...
Package biblatex Info: ... file 'numeric.bbx' found.

("C:\Users\HeavyRain350\AppData\Local\Programs\MiKTeX 2.9\tex/latex/biblatex/bb
x\numeric.bbx"
File: numeric.bbx 2019/12/01 v3.14 biblatex bibliography style (PK/MW)
Package biblatex Info: Trying to load bibliography style 'standard'...
Package biblatex Info: ... file 'standard.bbx' found.

("C:\Users\HeavyRain350\AppData\Local\Programs\MiKTeX 2.9\tex/latex/biblatex/bb
x\standard.bbx"
File: standard.bbx 2019/12/01 v3.14 biblatex bibliography style (PK/MW)
\c@bbx:relatedcount=\count419
\c@bbx:relatedtotal=\count420
))))
Package biblatex Info: Trying to load citation style 'authoryear-ibid'...
Package biblatex Info: ... file 'authoryear-ibid.cbx' found.

("C:\Users\HeavyRain350\AppData\Local\Programs\MiKTeX 2.9\tex/latex/biblatex/cb
x\authoryear-ibid.cbx"
File: authoryear-ibid.cbx 2019/12/01 v3.14 biblatex citation style (PK/MW)
Package biblatex Info: Redefining '\cite'.
Package biblatex Info: Redefining '\parencite'.
Package biblatex Info: Redefining '\footcite'.
Package biblatex Info: Redefining '\footcitetext'.
Package biblatex Info: Redefining '\smartcite'.
Package biblatex Info: Redefining '\textcite'.
Package biblatex Info: Redefining '\textcites'.
)
Package biblatex Info: Trying to load configuration file...
Package biblatex Info: ... file 'biblatex.cfg' found.

("C:\Users\HeavyRain350\AppData\Local\Programs\MiKTeX 2.9\tex/latex/biblatex\bi
blatex.cfg"
File: biblatex.cfg 
))
\@quotelevel=\count421
\@quotereset=\count422


Package biblatex Warning: Conflicting options.
(biblatex)                '<namepart>inits' conflicts with 'uniquename=full'.
(biblatex)                Setting 'uniquename=init' on input line 42.


("C:\Users\HeavyRain350\AppData\Local\Programs\MiKTeX 2.9\tex/latex/l3backend\l
3backend-pdfmode.def"
File: l3backend-pdfmode.def 2020-05-05 L3 backend support: PDF mode
\l__kernel_color_stack_int=\count423
\l__pdf_internal_box=\box52
) (tesis_ErikMejia.aux (Cap1_Introduccion.aux)
(Cap2_Cuerpo_tesis.aux) (Cap3_Ecuaciones.aux))
\openout1 = `tesis_ErikMejia.aux'.

LaTeX Font Info:    Checking defaults for OML/cmm/m/it on input line 42.
LaTeX Font Info:    ... okay on input line 42.
LaTeX Font Info:    Checking defaults for OMS/cmsy/m/n on input line 42.
LaTeX Font Info:    ... okay on input line 42.
LaTeX Font Info:    Checking defaults for OT1/cmr/m/n on input line 42.
LaTeX Font Info:    ... okay on input line 42.
LaTeX Font Info:    Checking defaults for T1/cmr/m/n on input line 42.
LaTeX Font Info:    ... okay on input line 42.
LaTeX Font Info:    Checking defaults for TS1/cmr/m/n on input line 42.
LaTeX Font Info:    ... okay on input line 42.
LaTeX Font Info:    Checking defaults for OMX/cmex/m/n on input line 42.
LaTeX Font Info:    ... okay on input line 42.
LaTeX Font Info:    Checking defaults for U/cmr/m/n on input line 42.
LaTeX Font Info:    ... okay on input line 42.
LaTeX Font Info:    Checking defaults for PD1/pdf/m/n on input line 42.
LaTeX Font Info:    ... okay on input line 42.

("C:\Users\HeavyRain350\AppData\Local\Programs\MiKTeX 2.9\tex/context/base/mkii
\supp-pdf.mkii"
[Loading MPS to PDF converter (version 2006.09.02).]
\scratchcounter=\count424
\scratchdimen=\dimen155
\scratchbox=\box53
\nofMPsegments=\count425
\nofMParguments=\count426
\everyMPshowfont=\toks31
\MPscratchCnt=\count427
\MPscratchDim=\dimen156
\MPnumerator=\count428
\makeMPintoPDFobject=\count429
\everyMPtoPDFconversion=\toks32
)
("C:\Users\HeavyRain350\AppData\Local\Programs\MiKTeX 2.9\tex/latex/epstopdf-pk
g\epstopdf-base.sty"
Package: epstopdf-base 2020-01-24 v2.11 Base part for package epstopdf

("C:\Users\HeavyRain350\AppData\Local\Programs\MiKTeX 2.9\tex/latex/grfext\grfe
xt.sty"
Package: grfext 2019/12/03 v1.3 Manage graphics extensions (HO)
)
Package epstopdf-base Info: Redefining graphics rule for `.eps' on input line 4
85.
Package grfext Info: Graphics extension search list:
(grfext)             [.pdf,.png,.jpg,.mps,.jpeg,.jbig2,.jb2,.PDF,.PNG,.JPG,.JPE
G,.JBIG2,.JB2,.eps]
(grfext)             \AppendGraphicsExtensions on input line 504.
)
\AtBeginShipoutBox=\box54
Package hyperref Info: Link coloring OFF on input line 42.

("C:\Users\HeavyRain350\AppData\Local\Programs\MiKTeX 2.9\tex/latex/hyperref\na
meref.sty"
Package: nameref 2019/09/16 v2.46 Cross-referencing by name of section

("C:\Users\HeavyRain350\AppData\Local\Programs\MiKTeX 2.9\tex/latex/refcount\re
fcount.sty"
Package: refcount 2019/12/15 v3.6 Data extraction from label references (HO)
)
("C:\Users\HeavyRain350\AppData\Local\Programs\MiKTeX 2.9\tex/generic/gettitles
tring\gettitlestring.sty"
Package: gettitlestring 2019/12/15 v1.6 Cleanup title references (HO)
)
\c@section@level=\count430
)
LaTeX Info: Redefining \ref on input line 42.
LaTeX Info: Redefining \pageref on input line 42.
LaTeX Info: Redefining \nameref on input line 42.
 (tesis_ErikMejia.out) (tesis_ErikMejia.out)
\@outlinefile=\write4
\openout4 = `tesis_ErikMejia.out'.

Package biblatex Info: Trying to load language 'english'...
Package biblatex Info: ... file 'english.lbx' found.

("C:\Users\HeavyRain350\AppData\Local\Programs\MiKTeX 2.9\tex/latex/biblatex/lb
x\english.lbx"
File: english.lbx 2019/12/01 v3.14 biblatex localization (PK/MW)
)
Package biblatex Info: Input encoding 'latin1' detected.
Package biblatex Info: Automatic encoding selection.
(biblatex)             Assuming data encoding 'latin1'.
Package biblatex Info: Input encoding 'latin1' specified.
Package biblatex Info: Data encoding 'latin1' specified.
(biblatex)             No need to reencode data.
\openout3 = `tesis_ErikMejia-blx.bib'.

Package biblatex Info: Trying to load bibliographic data...
Package biblatex Info: ... file 'tesis_ErikMejia.bbl' found.
 (tesis_ErikMejia.bbl)
Package biblatex Info: Reference section=0 on input line 42.
Package biblatex Info: Reference segment=0 on input line 42.


LaTeX Warning: File `logoUAZnuevo.eps' not found on input line 86.

Package epstopdf Info: Source file: <logoUAZnuevo.eps>
(epstopdf)             Output file: <logoUAZnuevo-eps-converted-to.pdf>
(epstopdf)                    date: 2020-06-11 10:00:15
(epstopdf)                    size: 59590 bytes
(epstopdf)             Command: <epstopdf --outfile=logoUAZnuevo-eps-converted-
to.pdf logoUAZnuevo.eps>
(epstopdf)             \includegraphics on input line 86.
Package epstopdf Info: Output file is already uptodate.
<logoUAZnuevo-eps-converted-to.pdf, id=99, 149.358pt x 134.30174pt>
File: logoUAZnuevo-eps-converted-to.pdf Graphic file (type pdf)
<use logoUAZnuevo-eps-converted-to.pdf>
Package pdftex.def Info: logoUAZnuevo-eps-converted-to.pdf  used on input line 
86.
(pdftex.def)             Requested size: 122.85876pt x 110.4765pt.
[1


{C:/Users/HeavyRain350/AppData/Local/MiKTeX/2.9/pdftex/config/pdftex.map} <./lo
goUAZnuevo-eps-converted-to.pdf>] (tesis_ErikMejia.toc
LaTeX Font Info:    Trying to load font information for U+msa on input line 3.

("C:\Users\HeavyRain350\AppData\Local\Programs\MiKTeX 2.9\tex/latex/amsfonts\um
sa.fd"
File: umsa.fd 2013/01/14 v3.01 AMS symbols A
)
LaTeX Font Info:    Trying to load font information for U+msb on input line 3.

("C:\Users\HeavyRain350\AppData\Local\Programs\MiKTeX 2.9\tex/latex/amsfonts\um
sb.fd"
File: umsb.fd 2013/01/14 v3.01 AMS symbols B
))
\tf@toc=\write5
\openout5 = `tesis_ErikMejia.toc'.

pdfTeX warning (ext4): destination with the same identifier (name{page.i}) has 
been already used, duplicate ignored
<to be read again> 
                   \relax 
l.114 \tableofcontents
                       [1

] (tesis_ErikMejia.lof)
\tf@lof=\write6
\openout6 = `tesis_ErikMejia.lof'.

 [2

]
\openout2 = `Cap1_Introduccion.aux'.

 (Cap1_Introduccion.tex
Cap\IeC {\'\i }tulo 1. Introducci\'on
[1



]
<figuras/fig1.png, id=201, 1485.75075pt x 1332.77925pt>
File: figuras/fig1.png Graphic file (type png)
<use figuras/fig1.png>
Package pdftex.def Info: figuras/fig1.png  used on input line 15.
(pdftex.def)             Requested size: 297.14488pt x 266.55113pt.
 [2] [3pdfTeX warning (ext4): destination with the same identifier (name{figure
.1.1}) has been already used, duplicate ignored

\AtBegShi@Output ...ipout \box \AtBeginShipoutBox 
                                                  \fi \fi 
l.22 
      <./figuras/fig1.png>] [4] [5]) [6]
\openout2 = `Cap2_Cuerpo_tesis.aux'.

 (Cap2_Cuerpo_tesis.tex
Cap\IeC {\'\i }tulo 2. Marco Te\'orico
<figuras/geologia.png, id=257, 354.72525pt x 253.54726pt>
File: figuras/geologia.png Graphic file (type png)
<use figuras/geologia.png>
Package pdftex.def Info: figuras/geologia.png  used on input line 7.
(pdftex.def)             Requested size: 354.72438pt x 253.54662pt.
[7



]
<Figuras/composicion_tierra.png, id=263, 301.72725pt x 301.72725pt>
File: Figuras/composicion_tierra.png Graphic file (type png)
<use Figuras/composicion_tierra.png>
Package pdftex.def Info: Figuras/composicion_tierra.png  used on input line 15.

(pdftex.def)             Requested size: 301.7265pt x 301.7265pt.
 [8pdfTeX warning (ext4): destination with the same identifier (name{figure.2.1
}) has been already used, duplicate ignored

\AtBegShi@Output ...ipout \box \AtBeginShipoutBox 
                                                  \fi \fi 
l.18 
      <./figuras/geologia.png>] [9pdfTeX warning (ext4): destination with the s
ame identifier (name{figure.2.2}) has been already used, duplicate ignored

\AtBegShi@Output ...ipout \box \AtBeginShipoutBox 
                                                  \fi \fi 
l.24 
      <./Figuras/composicion_tierra.png>]
<Figuras/tiposderocas.png, id=272, 347.49825pt x 145.7445pt>
File: Figuras/tiposderocas.png Graphic file (type png)
<use Figuras/tiposderocas.png>
Package pdftex.def Info: Figuras/tiposderocas.png  used on input line 27.
(pdftex.def)             Requested size: 382.24922pt x 160.31944pt.
 [10pdfTeX warning (ext4): destination with the same identifier (name{figure.2.
3}) has been already used, duplicate ignored

\AtBegShi@Output ...ipout \box \AtBeginShipoutBox 
                                                  \fi \fi 
l.32 
      <./Figuras/tiposderocas.png>]
<Figuras/rocasedimentaria.png, id=278, 354.72525pt x 266.1945pt>
File: Figuras/rocasedimentaria.png Graphic file (type png)
<use Figuras/rocasedimentaria.png>
Package pdftex.def Info: Figuras/rocasedimentaria.png  used on input line 38.
(pdftex.def)             Requested size: 390.19897pt x 292.81485pt.
 [11pdfTeX warning (ext4): destination with the same identifier (name{figure.2.
4}) has been already used, duplicate ignored

\AtBegShi@Output ...ipout \box \AtBeginShipoutBox 
                                                  \fi \fi 
l.43 
      <./Figuras/rocasedimentaria.png>]
<Figuras/ciclo_rocas.png, id=283, 354.72525pt x 365.56575pt>
File: Figuras/ciclo_rocas.png Graphic file (type png)
<use Figuras/ciclo_rocas.png>
Package pdftex.def Info: Figuras/ciclo_rocas.png  used on input line 48.
(pdftex.def)             Requested size: 390.19897pt x 402.12357pt.
 [12pdfTeX warning (ext4): destination with the same identifier (name{figure.2.
5}) has been already used, duplicate ignored

\AtBegShi@Output ...ipout \box \AtBeginShipoutBox 
                                                  \fi \fi 
l.53 
      <./Figuras/ciclo_rocas.png>] [13]
<Figuras/procesosRocas.png, id=292, 245.718pt x 312.56775pt>
File: Figuras/procesosRocas.png Graphic file (type png)
<use Figuras/procesosRocas.png>
Package pdftex.def Info: Figuras/procesosRocas.png  used on input line 62.
(pdftex.def)             Requested size: 270.29062pt x 343.82556pt.
 [14] [15pdfTeX warning (ext4): destination with the same identifier (name{figu
re.2.6}) has been already used, duplicate ignored

\AtBegShi@Output ...ipout \box \AtBeginShipoutBox 
                                                  \fi \fi 
l.67 
      <./Figuras/procesosRocas.png>]
<Figuras/rocasSedimentariasDetriticas.png, id=301, 354.72525pt x 186.09525pt>
File: Figuras/rocasSedimentariasDetriticas.png Graphic file (type png)
<use Figuras/rocasSedimentariasDetriticas.png>
Package pdftex.def Info: Figuras/rocasSedimentariasDetriticas.png  used on inpu
t line 72.
(pdftex.def)             Requested size: 390.19897pt x 204.70538pt.
<Figuras/rocasSedimentariasQuimicas.png, id=302, 354.72525pt x 186.09525pt>
File: Figuras/rocasSedimentariasQuimicas.png Graphic file (type png)
<use Figuras/rocasSedimentariasQuimicas.png>
Package pdftex.def Info: Figuras/rocasSedimentariasQuimicas.png  used on input 
line 80.
(pdftex.def)             Requested size: 390.19897pt x 204.70538pt.
 [16pdfTeX warning (ext4): destination with the same identifier (name{figure.2.
7}) has been already used, duplicate ignored

\AtBegShi@Output ...ipout \box \AtBeginShipoutBox 
                                                  \fi \fi 
l.83 
      <./Figuras/rocasSedimentariasDetriticas.png>] [17pdfTeX warning (ext4): d
estination with the same identifier (name{figure.2.8}) has been already used, d
uplicate ignored

\AtBegShi@Output ...ipout \box \AtBeginShipoutBox 
                                                  \fi \fi 
l.89 
      <./Figuras/rocasSedimentariasQuimicas.png>]
<Figuras/Forma,redondez,rugosidad.png, id=313, 287.8755pt x 258.36525pt>
File: Figuras/Forma,redondez,rugosidad.png Graphic file (type png)
<use Figuras/Forma,redondez,rugosidad.png>
Package pdftex.def Info: Figuras/Forma,redondez,rugosidad.png  used on input li
ne 97.
(pdftex.def)             Requested size: 287.87479pt x 258.36461pt.
 [18]
File: figuras/fig1.png Graphic file (type png)
<use figuras/fig1.png>
Package pdftex.def Info: figuras/fig1.png  used on input line 103.
(pdftex.def)             Requested size: 297.14488pt x 266.55113pt.
 [19pdfTeX warning (ext4): destination with the same identifier (name{figure.2.
9}) has been already used, duplicate ignored

\AtBegShi@Output ...ipout \box \AtBeginShipoutBox 
                                                  \fi \fi 
l.108 
      pdfTeX warning (ext4): destination with the same identifier (name{figure.
2.10}) has been already used, duplicate ignored

\AtBegShi@Output ...ipout \box \AtBeginShipoutBox 
                                                  \fi \fi 
l.108 
       <./Figuras/Forma,redondez,rugosidad.png>] [20] [21]
<figuras/wadellRoundness.png, id=363, 474.77374pt x 190.7125pt>
File: figuras/wadellRoundness.png Graphic file (type png)
<use figuras/wadellRoundness.png>
Package pdftex.def Info: figuras/wadellRoundness.png  used on input line 170.
(pdftex.def)             Requested size: 284.86644pt x 114.42838pt.
<figuras/krumbeinRoundness.png, id=365, 853.1875pt x 500.87125pt>
File: figuras/krumbeinRoundness.png Graphic file (type png)
<use figuras/krumbeinRoundness.png>
Package pdftex.def Info: figuras/krumbeinRoundness.png  used on input line 176.

(pdftex.def)             Requested size: 426.59271pt x 250.435pt.
 [22pdfTeX warning (ext4): destination with the same identifier (name{figure.2.
11}) has been already used, duplicate ignored

\AtBegShi@Output ...ipout \box \AtBeginShipoutBox 
                                                  \fi \fi 
l.179 
       <./figuras/wadellRoundness.png>] [23pdfTeX warning (ext4): destination w
ith the same identifier (name{figure.2.12}) has been already used, duplicate ig
nored

\AtBegShi@Output ...ipout \box \AtBeginShipoutBox 
                                                  \fi \fi 
l.194 \section
              {Modelo o esquema general de investigación} <./figuras/krumbeinRo
undness.png>]) [24]
\openout2 = `Cap3_Ecuaciones.aux'.

 (Cap3_Ecuaciones.tex
Cap\IeC {\'\i }tulo 3. Modelo y propuesta de Investigaci\'on
<figuras/modeloInvestigacion.png, id=397, 362.5545pt x 142.131pt>
File: figuras/modeloInvestigacion.png Graphic file (type png)
<use figuras/modeloInvestigacion.png>
Package pdftex.def Info: figuras/modeloInvestigacion.png  used on input line 16
.
(pdftex.def)             Requested size: 362.55362pt x 142.13063pt.
[25



]
<Figuras/codigoCadena.png, id=404, 486.01575pt x 186.09525pt>
File: Figuras/codigoCadena.png Graphic file (type png)
<use Figuras/codigoCadena.png>
Package pdftex.def Info: Figuras/codigoCadena.png  used on input line 40.
(pdftex.def)             Requested size: 486.01456pt x 186.09477pt.

Overfull \hbox (34.32706pt too wide) in paragraph at lines 40--41
 [][] 
 []

[26pdfTeX warning (ext4): destination with the same identifier (name{figure.3.1
}) has been already used, duplicate ignored

\AtBegShi@Output ...ipout \box \AtBeginShipoutBox 
                                                  \fi \fi 
l.43 
      <./figuras/modeloInvestigacion.png>] [27pdfTeX warning (ext4): destinatio
n with the same identifier (name{figure.3.2}) has been already used, duplicate 
ignored

\AtBegShi@Output ...ipout \box \AtBeginShipoutBox 
                                                  \fi \fi 
l.68 P
      ara que este método obtenga la invarianza a la escala, rotación y tras...
 <./Figuras/codigoCadena.png>]) [28] [29] (referencias.tex
LaTeX Font Info:    Trying to load font information for T1+cmtt on input line 3
.

("C:\Users\HeavyRain350\AppData\Local\Programs\MiKTeX 2.9\tex/latex/base\t1cmtt
.fd"
File: t1cmtt.fd 2019/12/16 v2.5j Standard LaTeX font definitions
)

! Package inputenc Error: Keyboard character used is undefined
(inputenc)                in inputencoding `latin1'.

See the inputenc package documentation for explanation.
Type  H <return>  for immediate help.
 ...                                              
                                                  
l.3 \printbibliography[title={Referencias}]
                                           
You need to provide a definition with \DeclareInputText 
or \DeclareInputMath before using this key.


! Package inputenc Error: Keyboard character used is undefined
(inputenc)                in inputencoding `latin1'.

See the inputenc package documentation for explanation.
Type  H <return>  for immediate help.
 ...                                              
                                                  
l.3 \printbibliography[title={Referencias}]
                                           
You need to provide a definition with \DeclareInputText 
or \DeclareInputMath before using this key.


! Package inputenc Error: Keyboard character used is undefined
(inputenc)                in inputencoding `latin1'.

See the inputenc package documentation for explanation.
Type  H <return>  for immediate help.
 ...                                              
                                                  
l.3 \printbibliography[title={Referencias}]
                                           
You need to provide a definition with \DeclareInputText 
or \DeclareInputMath before using this key.

[30


]
Overfull \hbox (1.05353pt too wide) in paragraph at lines 3--3
[][]\T1/ptm/m/n/12 W. C. Krum-bein and L. L. Sloss, \T1/ptm/m/it/12 Stratig-ra-
phy and sed-i-men-ta-tion\T1/ptm/m/n/12 , 5. LWW, 1951, vol. 71. 
 []

[31]
Overfull \hbox (7.89241pt too wide) in paragraph at lines 3--3
[][]\T1/ptm/m/n/12 R. Toy, P. M. Peiris, K. B. Ghaghada, and E. Karathana-sis, 
``Shap-ing can-cer nanomedicine:
 []

)
Package atveryend Info: Empty hook `BeforeClearDocument' on input line 154.
 [32]
Package atveryend Info: Empty hook `AfterLastShipout' on input line 154.
 (tesis_ErikMejia.aux (Cap1_Introduccion.aux) (Cap2_Cuerpo_tesis.aux)
(Cap3_Ecuaciones.aux))
Package atveryend Info: Executing hook `AtVeryEndDocument' on input line 154.
Package atveryend Info: Executing hook `AtEndAfterFileList' on input line 154.
Package rerunfilecheck Info: File `tesis_ErikMejia.out' has not changed.
(rerunfilecheck)             Checksum: F3EE417F61B69904DA50D1F34B8271E0;1704.
Package logreq Info: Writing requests to 'tesis_ErikMejia.run.xml'.
\openout1 = `tesis_ErikMejia.run.xml'.

Package atveryend Info: Empty hook `AtVeryVeryEnd' on input line 154.
 )
(\end occurred when \iftrue on line 154 was incomplete) 
Here is how much of TeX's memory you used:
 14998 strings out of 480799
 261443 string characters out of 2892516
 724305 words of memory out of 3000000
 30590 multiletter control sequences out of 15000+200000
 568592 words of font info for 63 fonts, out of 3000000 for 9000
 1141 hyphenation exceptions out of 8191
 43i,7n,61p,3117b,1316s stack positions out of 5000i,500n,10000p,200000b,50000s
 <C:\Users\HeavyRain350\
AppData\Local\MiKTeX\2.9\fonts/pk/ljfour/jknappen/ec/dpi600\ectt1200.pk>{C:/Use
rs/HeavyRain350/AppData/Local/Programs/MiKTeX 2.9/fonts/enc/dvips/base/8r.enc}<
C:/Users/HeavyRain350/AppData/Local/Programs/MiKTeX 2.9/fonts/type1/public/amsf
onts/cm/cmex10.pfb><C:/Users/HeavyRain350/AppData/Local/Programs/MiKTeX 2.9/fon
ts/type1/public/amsfonts/cm/cmmi12.pfb><C:/Users/HeavyRain350/AppData/Local/Pro
grams/MiKTeX 2.9/fonts/type1/public/amsfonts/cm/cmmi8.pfb><C:/Users/HeavyRain35
0/AppData/Local/Programs/MiKTeX 2.9/fonts/type1/public/amsfonts/cm/cmr12.pfb><C
:/Users/HeavyRain350/AppData/Local/Programs/MiKTeX 2.9/fonts/type1/public/amsfo
nts/cm/cmr6.pfb><C:/Users/HeavyRain350/AppData/Local/Programs/MiKTeX 2.9/fonts/
type1/public/amsfonts/cm/cmr8.pfb><C:/Users/HeavyRain350/AppData/Local/Programs
/MiKTeX 2.9/fonts/type1/public/amsfonts/cm/cmsy10.pfb><C:/Users/HeavyRain350/Ap
pData/Local/Programs/MiKTeX 2.9/fonts/type1/public/amsfonts/cm/cmsy8.pfb><C:/Us
ers/HeavyRain350/AppData/Local/Programs/MiKTeX 2.9/fonts/type1/urw/times/utmb8a
.pfb><C:/Users/HeavyRain350/AppData/Local/Programs/MiKTeX 2.9/fonts/type1/urw/t
imes/utmr8a.pfb><C:/Users/HeavyRain350/AppData/Local/Programs/MiKTeX 2.9/fonts/
type1/urw/times/utmri8a.pfb>
Output written on tesis_ErikMejia.pdf (35 pages, 3734153 bytes).
PDF statistics:
 563 PDF objects out of 1000 (max. 8388607)
 127 named destinations out of 1000 (max. 500000)
 268 words of extra memory for PDF output out of 10000 (max. 10000000)

